C:\lscc\radiant\2025.2\synpbase\bin64\c_hdl.exe  -osyn  O:\src\Avant_lib\sincos_linear\project\Avant\synwork\sincos_linear_Avant_comp.srs  -top  top_sin_linear  -hdllog  O:\src\Avant_lib\sincos_linear\project\Avant\synlog\sincos_linear_Avant_compiler.srr  -encrypt  -mp  4  -verification_mode 0  -vhdl  -prodtype  synplify_pro  -dspmac -fixsmult -infer_seqShift -nram -sdff_counter -divnmod -nostructver  -lattice  -encrypt  -pro  -dmgen  O:\src\Avant_lib\sincos_linear\project\Avant\dm  -lite -ui -fid2 -ram -sharing on -ll 2000 -autosm  -work_is_curlib 0  -ignore_undefined_lib  -lib pmi C:\lscc\radiant\2025.2\ip\pmi\pmi_lav-at.vhd  -verilog  -prodtype  synplify_pro  -dspmac -fixsmult -infer_seqShift -nram -sdff_counter -divnmod -nostructver  -lattice   -I O:\src\Avant_lib\sincos_linear\project  -I O:\src\Avant_lib\sincos_linear\sim\gpll  -I O:\src\Avant_lib\sincos_linear\source\rom_dy18  -I O:\src\Avant_lib\sincos_linear\source\rom_y36  -I O:\src\Avant_lib\sincos_linear\project\Avant\  -I C:\lscc\radiant\2025.2\synpbase\lib   -v2001  -devicelib  C:\lscc\radiant\2025.2\synpbase\lib\generic\lav-ate.v  -encrypt  -pro  -dmgen  O:\src\Avant_lib\sincos_linear\project\Avant\dm  -ui -fid2 -ram -sharing on -ll 2000 -autosm  -D_MULTIPLE_FILE_COMPILATION_UNIT_  -lib work C:\lscc\radiant\2025.2\ip\pmi\pmi_lav-at.v -lib work -fv2001 O:\src\Avant_lib\sincos_linear\source\mult18x18p48.v -lib work -fv2001 O:\src\Avant_lib\sincos_linear\source\sincos_linear.v -lib work -fv2001 O:\src\Avant_lib\sincos_linear\source\sin_linear.v -lib work -fv2001 O:\src\Avant_lib\sincos_linear\sim\top_sin_linear.v -lib work -fv2001 O:\src\Avant_lib\sincos_linear\source\rom_y36\rtl\rom_y36.v -lib work -fv2001 O:\src\Avant_lib\sincos_linear\source\rom_dy18\rtl\rom_dy18.v -lib work -fv2001 O:\src\Avant_lib\sincos_linear\sim\gpll\rtl\gpll.v  -jobname  "compiler" 
relcom:C:\lscc\radiant\2025.2\synpbase\bin64\c_hdl.exe -osyn ..\synwork\sincos_linear_Avant_comp.srs -top top_sin_linear -hdllog ..\synlog\sincos_linear_Avant_compiler.srr -encrypt -mp 4 -verification_mode 0 -vhdl -prodtype synplify_pro -dspmac -fixsmult -infer_seqShift -nram -sdff_counter -divnmod -nostructver -lattice -encrypt -pro -dmgen ..\dm -lite -ui -fid2 -ram -sharing on -ll 2000 -autosm -work_is_curlib 0 -ignore_undefined_lib -lib pmi C:\lscc\radiant\2025.2\ip\pmi\pmi_lav-at.vhd -verilog -prodtype synplify_pro -dspmac -fixsmult -infer_seqShift -nram -sdff_counter -divnmod -nostructver -lattice -I ..\..\..\project -I ..\..\..\sim\gpll -I ..\..\..\source\rom_dy18 -I ..\..\..\source\rom_y36 -I ..\ -I C:\lscc\radiant\2025.2\synpbase\lib -v2001 -devicelib C:\lscc\radiant\2025.2\synpbase\lib\generic\lav-ate.v -encrypt -pro -dmgen ..\dm -ui -fid2 -ram -sharing on -ll 2000 -autosm -D_MULTIPLE_FILE_COMPILATION_UNIT_ -lib work C:\lscc\radiant\2025.2\ip\pmi\pmi_lav-at.v -lib work -fv2001 ..\..\..\source\mult18x18p48.v -lib work -fv2001 ..\..\..\source\sincos_linear.v -lib work -fv2001 ..\..\..\source\sin_linear.v -lib work -fv2001 ..\..\..\sim\top_sin_linear.v -lib work -fv2001 ..\..\..\source\rom_y36\rtl\rom_y36.v -lib work -fv2001 ..\..\..\source\rom_dy18\rtl\rom_dy18.v -lib work -fv2001 ..\..\..\sim\gpll\rtl\gpll.v -jobname "compiler"
rc:0 success:1 runtime:27
file:..\synwork\sincos_linear_avant_comp.srs|io:o|time:1767659795|size:296458|exec:0|csum:
file:..\synlog\sincos_linear_avant_compiler.srr|io:o|time:1767659796|size:1635421|exec:0|csum:
file:c:\lscc\radiant\2025.2\ip\pmi\pmi_lav-at.vhd|io:i|time:1760761307|size:22204|exec:0|csum:832532867D744757DCEF5D8E10432414
file:c:\lscc\radiant\2025.2\synpbase\lib\generic\lav-ate.v|io:i|time:1764828992|size:179554|exec:0|csum:8099856F16A09B14A91BD4759C17CC93
file:c:\lscc\radiant\2025.2\ip\pmi\pmi_lav-at.v|io:i|time:1760761307|size:564|exec:0|csum:AE8E17412737F4886D7C75CC4044E0BB
file:.\-fv2001|io:i|time:0|size:-1|exec:0|csum:
file:..\..\..\source\mult18x18p48.v|io:i|time:1767651516|size:3796|exec:0|csum:3D73D8DA788E53BB61199F71570F987F
file:.\-fv2001|io:i|time:0|size:-1|exec:0|csum:
file:..\..\..\source\sincos_linear.v|io:i|time:1767651516|size:2272|exec:0|csum:2A8F88062FF421154E891C64DB72A290
file:.\-fv2001|io:i|time:0|size:-1|exec:0|csum:
file:..\..\..\source\sin_linear.v|io:i|time:1767658689|size:4239|exec:0|csum:1269587F6377828F6CF5B2898A52E431
file:.\-fv2001|io:i|time:0|size:-1|exec:0|csum:
file:..\..\..\sim\top_sin_linear.v|io:i|time:1767651516|size:3366|exec:0|csum:F480DC843AE18263D14337DA28A00CB6
file:.\-fv2001|io:i|time:0|size:-1|exec:0|csum:
file:..\..\..\source\rom_y36\rtl\rom_y36.v|io:i|time:1767447625|size:466095|exec:0|csum:A6250D4B44EF90DE94D958941B1A5B07
file:.\-fv2001|io:i|time:0|size:-1|exec:0|csum:
file:..\..\..\source\rom_dy18\rtl\rom_dy18.v|io:i|time:1767447625|size:445116|exec:0|csum:70459BBB5CA32C6DDC600D3B7CBAD22B
file:.\-fv2001|io:i|time:0|size:-1|exec:0|csum:
file:..\..\..\sim\gpll\rtl\gpll.v|io:i|time:1767651516|size:118716|exec:0|csum:C1FB9D511F5117923395DD536A8C0659
file:c:\lscc\radiant\2025.2\synpbase\bin64\c_hdl.exe|io:i|time:1762882778|size:7677440|exec:1|csum:5FBC73C421483AA79C292E2E299A269D
