Lattice Timing Report -  Setup  and Hold, Version Radiant Software (64-bit) 2025.2.0.3.0

Fri Jan  2 08:01:04 2026

Copyright (c) 1991-1994 by NeoCAD Inc. All rights reserved.
Copyright (c) 1995 AT&T Corp.   All rights reserved.
Copyright (c) 1995-2001 Lucent Technologies Inc.  All rights reserved.
Copyright (c) 2001 Agere Systems   All rights reserved.
Copyright (c) 2002-2025 Lattice Semiconductor Corporation,  All rights reserved.

Command line:    timing -sethld -v 10 -u 10 -endpoints 10 -nperend 1 -sp 1 -hsp m -pwrprd -html -rpt sincos_linear_Avant.twr sincos_linear_Avant.udb -gui -msgset /home/kanmei/src/sincos_linear/project/promote.xml

----------------------------------
Design:          top_sin_linear
Family:          LAV-AT
Device:          LAV-AT-E30ES
Package:         CBG484
Performance:     1
Package Status:                     Preliminary    Version 14
Performance Hardware Data Status :   Preliminary Version 108.1
----------------------------------


=====================================================================
                    Table of Contents
=====================================================================
    1  Timing Overview
        1.1  SDC Constraints
        1.2  Constraint Coverage
        1.3  Overall Summary
        1.4  Unconstrained Report
        1.5  Combinational Loop
        1.6  Error/Warning Messages
    2  Setup at Speed Grade 1 Corner at 85 Degrees
        2.1  Clock Summary
        2.2  Endpoint slacks
        2.3  Detailed Report
    3  Setup at Speed Grade 1 Corner at 0 Degrees
        3.1  Clock Summary
        3.2  Endpoint slacks
        3.3  Detailed Report
    4  Hold at Speed Grade m Corner at 0 Degrees
        4.1  Endpoint slacks
        4.2  Detailed Report

=====================================================================
                    End of Table of Contents
=====================================================================

==============================================
1  Timing Overview
==============================================

1.1  SDC Constraints
=====================
[IGNORED:]create_generated_clock -name {clk} -source [get_pins gpll_i.lscc_pll_inst.gen_ext_outclkdiv.u_pll.PLLC_MODE_inst/REFCLK] -multiply_by 6 [get_pins gpll_i.lscc_pll_inst.gen_ext_outclkdiv.u_pll.PLLC_MODE_inst/CLKOP]
[IGNORED:]create_generated_clock -name {gpll_i/lscc_pll_inst/clkout_testclk_o} -source [get_pins gpll_i.lscc_pll_inst.gen_ext_outclkdiv.u_pll.PLLC_MODE_inst/REFCLK] -divide_by 20 -multiply_by 39 [get_pins gpll_i.lscc_pll_inst.gen_ext_outclkdiv.u_pll.PLLC_MODE_inst/CLKCLK7]
set_false_path -to [get_pins {gpll_i/lscc_pll_inst/u_pll_init_bw/gen_bw_init.u_lock_sync/sync_reg[1]/D gpll_i/lscc_pll_inst/u_pll_init_bw/gen_bw_init.u_lock_sync/sync_reg_Z[0]/D}]
set_false_path -from [get_pins gpll_i/lscc_pll_inst/u_pll_init_bw/gen_bw_init.en_usr_lmmi/Q]
set_max_delay -from [get_pins gpll_i/lscc_pll_inst/gen_ext_outclkdiv.u_pll.PLLC_MODE_inst/LMMIREADY] -to [get_pins {gpll_i/lscc_pll_inst/u_pll_init_bw/gen_bw_init.dly_wait_cntr_4[1]/D gpll_i/lscc_pll_inst/u_pll_init_bw/gen_bw_init.dly_wait_cntr_4[0]/D gpll_i/lscc_pll_inst/u_pll_init_bw/gen_bw_init.dly_wait_cntr[1]/D gpll_i/lscc_pll_inst/u_pll_init_bw/gen_bw_init.dly_wait_cntr[0]/D}] -datapath_only 6
set_max_delay -from [get_pins gpll_i/lscc_pll_inst/u_pll_init_bw/gen_bw_init.init_request/Q] -to [get_pins gpll_i/lscc_pll_inst/gen_ext_outclkdiv.u_pll.PLLC_MODE_inst/LMMIREQUEST] -datapath_only 6
set_max_delay -from [get_pins gpll_i/lscc_pll_inst/u_pll_init_bw/gen_bw_init.init_request/Q] -to [get_pins gpll_i/lscc_pll_inst/gen_ext_outclkdiv.u_pll.PLLC_MODE_inst/LMMIWRRDN] -datapath_only 6
set_max_delay -from [get_pins {gpll_i/lscc_pll_inst/u_pll_init_bw/gen_bw_init.wdata[1]/Q gpll_i/lscc_pll_inst/u_pll_init_bw/gen_bw_init.wdata[0]/Q gpll_i/lscc_pll_inst/u_pll_init_bw/gen_bw_init.wdata[2]/Q}] -to [get_pins {gpll_i/lscc_pll_inst/gen_ext_outclkdiv.u_pll.PLLC_MODE_inst/LMMIWDATA15 gpll_i/lscc_pll_inst/gen_ext_outclkdiv.u_pll.PLLC_MODE_inst/LMMIWDATA14 gpll_i/lscc_pll_inst/gen_ext_outclkdiv.u_pll.PLLC_MODE_inst/LMMIWDATA13 gpll_i/lscc_pll_inst/gen_ext_outclkdiv.u_pll.PLLC_MODE_inst/LMMIWDATA12 gpll_i/lscc_pll_inst/gen_ext_outclkdiv.u_pll.PLLC_MODE_inst/LMMIWDATA11 gpll_i/lscc_pll_inst/gen_ext_outclkdiv.u_pll.PLLC_MODE_inst/LMMIWDATA10 gpll_i/lscc_pll_inst/gen_ext_outclkdiv.u_pll.PLLC_MODE_inst/LMMIWDATA9 gpll_i/lscc_pll_inst/gen_ext_outclkdiv.u_pll.PLLC_MODE_inst/LMMIWDATA8 gpll_i/lscc_pll_inst/gen_ext_outclkdiv.u_pll.PLLC_MODE_inst/LMMIWDATA7 gpll_i/lscc_pll_inst/gen_ext_outclkdiv.u_pll.PLLC_MODE_inst/LMMIWDATA6 gpll_i/lscc_pll_inst/gen_ext_outclkdiv.u_pll.PLLC_MODE_inst/LMMIWDATA5 gpll_i/lscc_pll_inst/gen_ext_outclkdiv.u_pll.PLLC_MODE_inst/LMMIWDATA4 gpll_i/lscc_pll_inst/gen_ext_outclkdiv.u_pll.PLLC_MODE_inst/LMMIWDATA3 gpll_i/lscc_pll_inst/gen_ext_outclkdiv.u_pll.PLLC_MODE_inst/LMMIWDATA2 gpll_i/lscc_pll_inst/gen_ext_outclkdiv.u_pll.PLLC_MODE_inst/LMMIWDATA1 gpll_i/lscc_pll_inst/gen_ext_outclkdiv.u_pll.PLLC_MODE_inst/LMMIWDATA0}] -datapath_only 6
set_max_delay -from [get_pins gpll_i/lscc_pll_inst/u_pll_init_bw/gen_bw_init.en_usr_lmmi/Q] -to [get_pins {gpll_i/lscc_pll_inst/gen_ext_outclkdiv.u_pll.PLLC_MODE_inst/LMMIWDATA15 gpll_i/lscc_pll_inst/gen_ext_outclkdiv.u_pll.PLLC_MODE_inst/LMMIWDATA14 gpll_i/lscc_pll_inst/gen_ext_outclkdiv.u_pll.PLLC_MODE_inst/LMMIWDATA13 gpll_i/lscc_pll_inst/gen_ext_outclkdiv.u_pll.PLLC_MODE_inst/LMMIWDATA12 gpll_i/lscc_pll_inst/gen_ext_outclkdiv.u_pll.PLLC_MODE_inst/LMMIWDATA11 gpll_i/lscc_pll_inst/gen_ext_outclkdiv.u_pll.PLLC_MODE_inst/LMMIWDATA10 gpll_i/lscc_pll_inst/gen_ext_outclkdiv.u_pll.PLLC_MODE_inst/LMMIWDATA9 gpll_i/lscc_pll_inst/gen_ext_outclkdiv.u_pll.PLLC_MODE_inst/LMMIWDATA8 gpll_i/lscc_pll_inst/gen_ext_outclkdiv.u_pll.PLLC_MODE_inst/LMMIWDATA7 gpll_i/lscc_pll_inst/gen_ext_outclkdiv.u_pll.PLLC_MODE_inst/LMMIWDATA6 gpll_i/lscc_pll_inst/gen_ext_outclkdiv.u_pll.PLLC_MODE_inst/LMMIWDATA5 gpll_i/lscc_pll_inst/gen_ext_outclkdiv.u_pll.PLLC_MODE_inst/LMMIWDATA4 gpll_i/lscc_pll_inst/gen_ext_outclkdiv.u_pll.PLLC_MODE_inst/LMMIWDATA3 gpll_i/lscc_pll_inst/gen_ext_outclkdiv.u_pll.PLLC_MODE_inst/LMMIWDATA2 gpll_i/lscc_pll_inst/gen_ext_outclkdiv.u_pll.PLLC_MODE_inst/LMMIWDATA1 gpll_i/lscc_pll_inst/gen_ext_outclkdiv.u_pll.PLLC_MODE_inst/LMMIWDATA0}] -datapath_only 6
set_max_delay -from [get_pins gpll_i/lscc_pll_inst/u_pll_init_bw/gen_bw_init.en_usr_lmmi/Q] -to [get_pins {gpll_i/lscc_pll_inst/gen_ext_outclkdiv.u_pll.PLLC_MODE_inst/LMMIOFFSET4 gpll_i/lscc_pll_inst/gen_ext_outclkdiv.u_pll.PLLC_MODE_inst/LMMIOFFSET3 gpll_i/lscc_pll_inst/gen_ext_outclkdiv.u_pll.PLLC_MODE_inst/LMMIOFFSET2 gpll_i/lscc_pll_inst/gen_ext_outclkdiv.u_pll.PLLC_MODE_inst/LMMIOFFSET1 gpll_i/lscc_pll_inst/gen_ext_outclkdiv.u_pll.PLLC_MODE_inst/LMMIOFFSET0}] -datapath_only 6
set_max_delay -from [get_pins gpll_i/lscc_pll_inst/u_pll_init_bw/gen_bw_init.en_usr_lmmi/Q] -to [get_pins gpll_i/lscc_pll_inst/gen_ext_outclkdiv.u_pll.PLLC_MODE_inst/LMMIWRRDN] -datapath_only 6
set_max_delay -from [get_pins gpll_i/lscc_pll_inst/u_pll_init_bw/gen_bw_init.en_usr_lmmi/Q] -to [get_pins gpll_i/lscc_pll_inst/gen_ext_outclkdiv.u_pll.PLLC_MODE_inst/LMMIREQUEST] -datapath_only 6

1.2  Constraint Coverage
---------------------------
Constraint Coverage: 2.38837%


1.3  Overall Summary
---------------------------
 Setup at Speed Grade 1 Corner at 85 Degrees                          Timing Errors: 0 endpoints;  Total Negative Slack: 0.000 ns 
 Setup at Speed Grade 1 Corner at 0 Degrees                           Timing Errors: 0 endpoints;  Total Negative Slack: 0.000 ns 
 Hold at Speed Grade m Corner at 0 Degrees                            Timing Errors: 0 endpoints;  Total Negative Slack: 0.000 ns 

1.4  Unconstrained Report
===========================

1.4.1  Unconstrained Start/End Points
--------------------------------------

Clocked but unconstrained timing start points
--------------------------------------------------
There is no start point satisfying reporting criteria


Clocked but unconstrained timing end points
-------------------------------------------------------------------
         Listing 10 End Points          |           Type           
-------------------------------------------------------------------
result_CR31_ram_6_cZ.dpram_inst/DI3     |    No arrival or required
result_CR31_ram_6_cZ.dpram_inst/DI2     |    No arrival or required
result_CR31_ram_6_cZ.dpram_inst/DI1     |    No arrival or required
result_CR31_ram_6_cZ.dpram_inst/DI0     |    No arrival or required
result_CR31_ram_6_cZ.dpram_inst/WAD1    |    No arrival or required
result_CR31_ram_6_cZ.dpram_inst/WAD0    |    No arrival or required
result_CR31_ram_5_cZ.dpram_inst/DI3     |    No arrival or required
result_CR31_ram_5_cZ.dpram_inst/DI2     |    No arrival or required
result_CR31_ram_5_cZ.dpram_inst/DI1     |    No arrival or required
result_CR31_ram_5_cZ.dpram_inst/DI0     |    No arrival or required
-------------------------------------------------------------------
                                        |                          
Number of unconstrained timing end poin |                          
ts                                      |                       379
                                        |                          
-------------------------------------------------------------------

1.4.2  Start/End Points Without Timing Constraints
---------------------------------------------------

I/O ports without constraint
----------------------------
Possible constraints to use on I/O ports are:
set_input_delay,
set_output_delay,
set_max_delay,
create_clock,
create_generated_clock,
...

-------------------------------------------------------------------
     Listing 10 Start or End Points     |           Type           
-------------------------------------------------------------------
clk50                                   |                     input
phase_i[0]                              |                     input
phase_i[1]                              |                     input
phase_i[2]                              |                     input
phase_i[3]                              |                     input
phase_i[4]                              |                     input
phase_i[5]                              |                     input
phase_i[6]                              |                     input
phase_i[7]                              |                     input
phase_i[8]                              |                     input
-------------------------------------------------------------------
                                        |                          
Number of I/O ports without constraint  |                        67
                                        |                          
-------------------------------------------------------------------

Nets without clock definition
Define a clock on a top level port or a generated clock on a clock divider pin associated with this net(s).
--------------------------------------------------
There is no instance satisfying reporting criteria



1.5  Combinational Loop
========================
None


1.6  Error/Warning Messages
============================
WARNING "70001944" - No source clock for
	generated clock	create_generated_clock -name {gpll_i/lscc_pll_inst/clkout_testclk_o} -source [get_pins {gpll_i/lscc_pll_inst/gen_ext_outclkdiv.u_pll.PLLC_MODE_inst/CLKI}] -multiply_by 39 -divide_by 20 [get_pins {gpll_i/lscc_pll_inst/gen_ext_outclkdiv.u_pll.PLLC_MODE_inst/CLKRES }] .
WARNING "70001944" - No source clock for
	generated clock	create_generated_clock -name {clk} -source [get_pins {gpll_i/lscc_pll_inst/gen_ext_outclkdiv.u_pll.PLLC_MODE_inst/CLKI}] -multiply_by 6 [get_pins {gpll_i/lscc_pll_inst/gen_ext_outclkdiv.u_pll.PLLC_MODE_inst/CLKOP }] .

===============================================================
2  Setup at Speed Grade 1 Corner at 85 Degrees
===============================================================

2.1  Clock Summary
=======================

2.1.1 Clock "gpll_i/lscc_pll_inst/clkout_testclk_o"
=======================
create_generated_clock -name {gpll_i/lscc_pll_inst/clkout_testclk_o} -source [get_pins {gpll_i/lscc_pll_inst/gen_ext_outclkdiv.u_pll.PLLC_MODE_inst/CLKI}] -multiply_by 39 -divide_by 20 [get_pins {gpll_i/lscc_pll_inst/gen_ext_outclkdiv.u_pll.PLLC_MODE_inst/CLKRES }] 

Single Clock Domain
----------------------------------------------------------------------------------------------------------
Clock gpll_i/lscc_pll_inst/clkout_testclk_o|                    |       Period       |     Frequency      
----------------------------------------------------------------------------------------------------------
 From gpll_i/lscc_pll_inst/clkout_testclk_o|             Target |               +INF |          0.000 MHz 
                                           | Actual (all paths) |           4.646 ns |        215.239 MHz 
gpll_i/lscc_pll_inst/gen_ext_outclkdiv.u_pll.PLLC_MODE_inst/LMMICLK (MPW)                                                                
                                           |   (50% duty cycle) |           4.646 ns |        215.239 MHz 
----------------------------------------------------------------------------------------------------------

Clock Domain Crossing
---------------------------------------------------------------------------------------------------------
Clock gpll_i/lscc_pll_inst/clkout_testclk_o|   Worst Time Between Edges   |           Comment            
---------------------------------------------------------------------------------------------------------
 From clk                                  |                         ---- |                      No path 
---------------------------------------------------------------------------------------------------------

2.1.2 Clock "clk"
=======================
create_generated_clock -name {clk} -source [get_pins {gpll_i/lscc_pll_inst/gen_ext_outclkdiv.u_pll.PLLC_MODE_inst/CLKI}] -multiply_by 6 [get_pins {gpll_i/lscc_pll_inst/gen_ext_outclkdiv.u_pll.PLLC_MODE_inst/CLKOP }] 

Single Clock Domain
-------------------------------------------------------------------------------------------------------
               Clock clk                |                    |       Period       |     Frequency      
-------------------------------------------------------------------------------------------------------
 From clk                               |             Target |               +INF |          0.000 MHz 
                                        | Actual (all paths) |           2.588 ns |        386.399 MHz 
result_CR31_ram_6_cZ.dpram_inst/WCK (MPW)                                                                
                                        |   (50% duty cycle) |           2.588 ns |        386.399 MHz 
-------------------------------------------------------------------------------------------------------

Clock Domain Crossing
------------------------------------------------------------------------------------------------------
               Clock clk                |   Worst Time Between Edges   |           Comment            
------------------------------------------------------------------------------------------------------
 From gpll_i/lscc_pll_inst/clkout_testclk_o                                                              
                                        |                         ---- |                      No path 
------------------------------------------------------------------------------------------------------

2.2  Endpoint slacks
=======================
--------------------------------------------------
There is no end point satisfying reporting criteria

Total Negative Slack: 0


2.3  Detailed Report
=======================


XXXXXXXXXXXXXXXXXXXXXXXXXXXXXXXXXXXXXXXXXXXXXXXXXXXXXXXXXX

Detail report of critical paths

XXXXXXXXXXXXXXXXXXXXXXXXXXXXXXXXXXXXXXXXXXXXXXXXXXXXXXXXXX

 +++++++++++++++++++++++++++++++++++++++++++++++++++++++++++++++++++++
                    Detailed Report for timing paths 
 +++++++++++++++++++++++++++++++++++++++++++++++++++++++++++++++++++++
 +++++++++++++++++++++++++++++++++++++++++++++++++++++++++++++++++++++
                    End of Detailed Report for timing paths 
 +++++++++++++++++++++++++++++++++++++++++++++++++++++++++++++++++++++


##########################################################



===============================================================
3  Setup at Speed Grade 1 Corner at 0 Degrees
===============================================================

3.1  Clock Summary
=======================

3.1.1 Clock "gpll_i/lscc_pll_inst/clkout_testclk_o"
=======================
create_generated_clock -name {gpll_i/lscc_pll_inst/clkout_testclk_o} -source [get_pins {gpll_i/lscc_pll_inst/gen_ext_outclkdiv.u_pll.PLLC_MODE_inst/CLKI}] -multiply_by 39 -divide_by 20 [get_pins {gpll_i/lscc_pll_inst/gen_ext_outclkdiv.u_pll.PLLC_MODE_inst/CLKRES }] 

Single Clock Domain
----------------------------------------------------------------------------------------------------------
Clock gpll_i/lscc_pll_inst/clkout_testclk_o|                    |       Period       |     Frequency      
----------------------------------------------------------------------------------------------------------
 From gpll_i/lscc_pll_inst/clkout_testclk_o|             Target |               +INF |          0.000 MHz 
                                           | Actual (all paths) |           4.646 ns |        215.239 MHz 
gpll_i/lscc_pll_inst/gen_ext_outclkdiv.u_pll.PLLC_MODE_inst/LMMICLK (MPW)                                                                
                                           |   (50% duty cycle) |           4.646 ns |        215.239 MHz 
----------------------------------------------------------------------------------------------------------

Clock Domain Crossing
---------------------------------------------------------------------------------------------------------
Clock gpll_i/lscc_pll_inst/clkout_testclk_o|   Worst Time Between Edges   |           Comment            
---------------------------------------------------------------------------------------------------------
 From clk                                  |                         ---- |                      No path 
---------------------------------------------------------------------------------------------------------

3.1.2 Clock "clk"
=======================
create_generated_clock -name {clk} -source [get_pins {gpll_i/lscc_pll_inst/gen_ext_outclkdiv.u_pll.PLLC_MODE_inst/CLKI}] -multiply_by 6 [get_pins {gpll_i/lscc_pll_inst/gen_ext_outclkdiv.u_pll.PLLC_MODE_inst/CLKOP }] 

Single Clock Domain
-------------------------------------------------------------------------------------------------------
               Clock clk                |                    |       Period       |     Frequency      
-------------------------------------------------------------------------------------------------------
 From clk                               |             Target |               +INF |          0.000 MHz 
                                        | Actual (all paths) |           2.588 ns |        386.399 MHz 
result_CR31_ram_6_cZ.dpram_inst/WCK (MPW)                                                                
                                        |   (50% duty cycle) |           2.588 ns |        386.399 MHz 
-------------------------------------------------------------------------------------------------------

Clock Domain Crossing
------------------------------------------------------------------------------------------------------
               Clock clk                |   Worst Time Between Edges   |           Comment            
------------------------------------------------------------------------------------------------------
 From gpll_i/lscc_pll_inst/clkout_testclk_o                                                              
                                        |                         ---- |                      No path 
------------------------------------------------------------------------------------------------------

3.2  Endpoint slacks
=======================
--------------------------------------------------
There is no end point satisfying reporting criteria

Total Negative Slack: 0


3.3  Detailed Report
=======================


XXXXXXXXXXXXXXXXXXXXXXXXXXXXXXXXXXXXXXXXXXXXXXXXXXXXXXXXXX

Detail report of critical paths

XXXXXXXXXXXXXXXXXXXXXXXXXXXXXXXXXXXXXXXXXXXXXXXXXXXXXXXXXX

 +++++++++++++++++++++++++++++++++++++++++++++++++++++++++++++++++++++
                    Detailed Report for timing paths 
 +++++++++++++++++++++++++++++++++++++++++++++++++++++++++++++++++++++
 +++++++++++++++++++++++++++++++++++++++++++++++++++++++++++++++++++++
                    End of Detailed Report for timing paths 
 +++++++++++++++++++++++++++++++++++++++++++++++++++++++++++++++++++++


##########################################################



===============================================================
4  Hold at Speed Grade m Corner at 0 Degrees
===============================================================

4.1  Endpoint slacks
=======================
--------------------------------------------------
There is no end point satisfying reporting criteria

Total Negative Slack: 0


4.2  Detailed Report
=======================


XXXXXXXXXXXXXXXXXXXXXXXXXXXXXXXXXXXXXXXXXXXXXXXXXXXXXXXXXX

Detail report of critical paths

XXXXXXXXXXXXXXXXXXXXXXXXXXXXXXXXXXXXXXXXXXXXXXXXXXXXXXXXXX

 +++++++++++++++++++++++++++++++++++++++++++++++++++++++++++++++++++++
                    Detailed Report for timing paths 
 +++++++++++++++++++++++++++++++++++++++++++++++++++++++++++++++++++++
 +++++++++++++++++++++++++++++++++++++++++++++++++++++++++++++++++++++
                    End of Detailed Report for timing paths 
 +++++++++++++++++++++++++++++++++++++++++++++++++++++++++++++++++++++


##########################################################



