{
"Synplify Pro (R) Job Log" : {
	"Date" : "07:59:40    02- 1月-2026",
	"Working Directory" : "/home/kanmei/src/sincos_linear/project/Avant",
	"CDPL Log file" : "-",
	"Install" : "/usr/local/lscc/radiant/2025.2/synpbase"
},
"Avant" :{
   "Job Flow" : "Sequential",
   "Start Time" : "07:59:36",
   "Runtime" : "04s",
   "Executable Run Time" : "03s",
   "synthesis" : {
      "Job Flow" : "Sequential",
      "Start Time" : "07:59:36",
      "Runtime" : "04s",
      "Executable Run Time" : "03s",
      "compile" : {
         "Job Flow" : "Sequential",
         "Start Time" : "07:59:36",
         "Runtime" : "03s",
         "Executable Run Time" : "02s",
         "compile_flow" : {
            "Job Flow" : "Sequential",
            "Start Time" : "07:59:36",
            "Runtime" : "02s",
            "Executable Run Time" : "01s",
            "compiler" : {
               "executable" : "bin/c_hdl",
               "Run Directory" : "/home/kanmei/src/sincos_linear/project/Avant",
               "Run State" : "Complete",
               "Return Code" : "0",
               "Run Success" : "yes",
               "Run Start Time" : "07:59:36",
               "Run Time" : "02s",
               "Exe Run Time" : "01s",
               "max_parallel_jobs" : "4",
               "Memory Usage" : "2.896000",
               "CDPL" : "off",
               "Up-to-date (run skipped)" : "no"
            },
            "multi_srs_gen" : {
               "executable" : "bin/syn_nfilter",
               "Run Directory" : "/home/kanmei/src/sincos_linear/project/Avant",
               "Run State" : "Complete",
               "Return Code" : "0",
               "Run Success" : "yes",
               "Run Start Time" : "07:59:38",
               "Run Time" : "00s",
               "Exe Run Time" : "00s",
               "Memory Usage" : "2.896000",
               "CDPL" : "off",
               "Up-to-date (run skipped)" : "no"
            }
         },
         "premap" : {
            "executable" : "bin/m_generic",
            "Run Directory" : "/home/kanmei/src/sincos_linear/project/Avant",
            "Run State" : "Complete",
            "Return Code" : "1",
            "Run Success" : "yes",
            "Run Start Time" : "07:59:38",
            "Run Time" : "01s",
            "Exe Run Time" : "01s",
            "max_parallel_jobs" : "4",
            "Memory Usage" : "2.896000",
            "CDPL" : "off",
            "Up-to-date (run skipped)" : "no"
         }
      },
      "map" : {
         "Job Flow" : "Sequential",
         "Start Time" : "07:59:39",
         "Runtime" : "01s",
         "Executable Run Time" : "01s",
         "fpga_mapper" : {
            "executable" : "bin/m_generic",
            "Run Directory" : "/home/kanmei/src/sincos_linear/project/Avant",
            "Run State" : "Complete",
            "Return Code" : "1",
            "Run Success" : "yes",
            "Run Start Time" : "07:59:39",
            "Run Time" : "01s",
            "Exe Run Time" : "01s",
            "max_parallel_jobs" : "4",
            "Memory Usage" : "2.896000",
            "CDPL" : "off",
            "Up-to-date (run skipped)" : "no"
         }
      }
   }
}
}